android/app/proguard-rules.pro
# Preserve Firebase Crashlytics
-keep class com.google.firebase.crashlytics.** { *; }
-keep class com.google.firebase.analytics.** { *; }
-dontwarn com.google.firebase.crashlytics.**