android/app/build/outputs/mapping/release/seeds.txt
com.dijlah.inteshar.MainActivity
com.dijlah.inteshar.MainActivity: MainActivity()
...
com.dexterous.flutterlocalnotifications.models.NotificationDetails: void readMessagingStyleInformation(com.dexterous.flutterlocalnotifications.models.NotificationDetails,java.util.Map,com.dexterous.flutterlocalnotifications.models.styles.DefaultStyleInformation)
androidx.appcompat.widget.AppCompatRadioButton: void setSupportBackgroundTintList(android.content.res.ColorStateList)
com.google.firebase.crashlytics.internal.model.CrashlyticsReport$Session$Device$Builder: com.google.firebase.crashlytics.internal.model.CrashlyticsReport$Session$Device$Builder setSimulator(boolean)
com.google.firebase.crashlytics.internal.model.StaticSessionData$AppData: java.lang.String versionName()
com.google.firebase.crashlytics.internal.model.CrashlyticsReport$CustomAttribute$Builder: com.google.firebase.crashlytics.internal.model.CrashlyticsReport$CustomAttribute$Builder setKey(java.lang.String)
com.google.firebase.crashlytics.internal.common.CrashlyticsController: void openSession(java.lang.String)
io.flutter.embedding.engine.FlutterJNI: void onSurfaceDestroyed()
com.google.firebase.crashlytics.internal.common.CLSUUID: void populateSequenceNumber(byte[])
com.dexterous.flutterlocalnotifications.models.MessageDetails: MessageDetails(java.lang.String,java.lang.Long,com.dexterous.flutterlocalnotifications.models.PersonDetails,java.lang.String,java.lang.String)
androidx.media.AudioAttributesImplApi26Parcelizer: androidx.media.AudioAttributesImplApi26 read(androidx.versionedparcelable.VersionedParcel)
com.google.firebase.analytics.connector.AnalyticsConnectorImpl: void clearConditionalUserProperty(java.lang.String,java.lang.String,android.os.Bundle)
androidx.core.view.MenuItemCompat$Api26Impl: android.graphics.PorterDuff$Mode getIconTintMode(android.view.MenuItem)
io.flutter.plugins.imagepicker.ImagePickerCache$CacheType: io.flutter.plugins.imagepicker.ImagePickerCache$CacheType[] values()
com.google.firebase.crashlytics.internal.model.StaticSessionData$OsData: java.lang.String osCodeName()
com.google.firebase.crashlytics.internal.model.AutoValue_CrashlyticsReport_Session_Event_Application_Execution_BinaryImage$Builder: com.google.firebase.crashlytics.internal.model.CrashlyticsReport$Session$Event$Application$Execution$BinaryImage$Builder setSize(long)
com.google.firebase.crashlytics.internal.common.CrashlyticsReportDataCapture: com.google.firebase.crashlytics.internal.model.CrashlyticsReport$Session$Event captureAnrEventData(com.google.firebase.crashlytics.internal.model.CrashlyticsReport$ApplicationExitInfo)
androidx.tracing.TraceApi29Impl: boolean isEnabled()
com.google.firebase.crashlytics.internal.model.CrashlyticsReport$Session$Event$Application$Execution$Thread: int getImportance()
androidx.core.app.NotificationManagerCompat$Api26Impl: void deleteNotificationChannel(android.app.NotificationManager,java.lang.String)
io.flutter.embedding.android.KeyData$DeviceType: io.flutter.embedding.android.KeyData$DeviceType valueOf(java.lang.String)
io.flutter.embedding.engine.systemchannels.SettingsChannel$PlatformBrightness: io.flutter.embedding.engine.systemchannels.SettingsChannel$PlatformBrightness valueOf(java.lang.String)
androidx.window.core.VerificationMode: androidx.window.core.VerificationMode valueOf(java.lang.String)
androidx.core.app.RemoteInput$Api29Impl: android.app.RemoteInput$Builder setEditChoicesBeforeSending(android.app.RemoteInput$Builder,int)
io.flutter.embedding.engine.FlutterJNI: void nativeSetAccessibilityFeatures(long,int)
androidx.appcompat.widget.AppCompatSpinner: int getDropDownWidth()
androidx.appcompat.widget.SearchView: void setOnQueryTextListener(androidx.appcompat.widget.SearchView$OnQueryTextListener)
com.google.firebase.crashlytics.internal.model.AutoValue_CrashlyticsReport_Session$Builder: com.google.firebase.crashlytics.internal.model.CrashlyticsReport$Session$Builder setEndedAt(java.lang.Long)
com.google.firebase.crashlytics.internal.common.SessionReportingCoordinator: void finalizeSessions(long,java.lang.String)