android/app/build/outputs/mapping/release/usage.txt
com.dijlah.inteshar.R$drawable
com.dijlah.inteshar.R$mipmap
com.dijlah.inteshar.R$string
com.dijlah.inteshar.R$style
com.dijlah.inteshar.R
...
okio.Path$Companion:
    public final okio.Path get(java.io.File)
    public final okio.Path get(java.lang.String)
    public final okio.Path get(java.nio.file.Path)
okio.Path:
    public static final okio.Path get(java.io.File)
    public static final okio.Path get(java.io.File,boolean)
    public static final okio.Path get(java.lang.String)
    public static final okio.Path get(java.lang.String,boolean)
    public static final okio.Path get(java.nio.file.Path)
    public static final okio.Path get(java.nio.file.Path,boolean)
    public final java.util.List getSegments()
    public final boolean isRelative()
    public final boolean isRoot()
    public final okio.Path resolve(java.lang.String,boolean)
    public final okio.Path resolve(okio.ByteString)
    public final okio.Path resolve(okio.ByteString,boolean)
    public final okio.Path resolve(okio.Path)
    public static synthetic okio.Path resolve$default(okio.Path,java.lang.String,boolean,int,java.lang.Object)
    public static synthetic okio.Path resolve$default(okio.Path,okio.ByteString,boolean,int,java.lang.Object)
    public static synthetic okio.Path resolve$default(okio.Path,okio.Path,boolean,int,java.lang.Object)
okio.PeekSource
okio.Pipe$sink$1
okio.Pipe$source$1
okio.Pipe
okio.RealBufferedSink:
    public okio.Buffer buffer()
    public okio.BufferedSink emit()
    public okio.Buffer getBuffer()
    public static synthetic void getBuffer$annotations()
    public okio.Timeout timeout()
    public okio.BufferedSink write(okio.ByteString)
    public okio.BufferedSink write(okio.ByteString,int,int)
    public okio.BufferedSink write(okio.Source,long)
    public okio.BufferedSink write(byte[])
    public okio.BufferedSink write(byte[],int,int)
    public long writeAll(okio.Source)
    public okio.BufferedSink writeByte(int)
    public okio.BufferedSink writeDecimalLong(long)
    public okio.BufferedSink writeHexadecimalUnsignedLong(long)
    public okio.BufferedSink writeInt(int)
    public okio.BufferedSink writeIntLe(int)
    public okio.BufferedSink writeLong(long)
    public okio.BufferedSink writeLongLe(long)
    public okio.BufferedSink writeShort(int)
    public okio.BufferedSink writeShortLe(int)
    public okio.BufferedSink writeString(java.lang.String,int,int,java.nio.charset.Charset)
    public okio.BufferedSink writeString(java.lang.String,java.nio.charset.Charset)
    public okio.BufferedSink writeUtf8(java.lang.String)
    public okio.BufferedSink writeUtf8(java.lang.String,int,int)
    public okio.BufferedSink writeUtf8CodePoint(int)